<?xml version="1.0" encoding="UTF-8"?>
<testsuite name="ru.soloviev.bankServiceTests.BankTest" tests="4" skipped="0" failures="0" errors="0" timestamp="2023-03-10T22:23:28" hostname="GARNET" time="0.095">
  <properties/>
  <testcase name="Create bank and change information" classname="ru.soloviev.bankServiceTests.BankTest" time="0.043"/>
  <testcase name="Test transfers and transfer history" classname="ru.soloviev.bankServiceTests.BankTest" time="0.022"/>
  <testcase name="Create client and add email, passport, address" classname="ru.soloviev.bankServiceTests.BankTest" time="0.007"/>
  <testcase name="Create account and test functions" classname="ru.soloviev.bankServiceTests.BankTest" time="0.015"/>
  <system-out><![CDATA[]]></system-out>
  <system-err><![CDATA[]]></system-err>
</testsuite>
